<?xml version="1.0" encoding="UTF-8"?>
<!-- Generated by org.testng.reporters.JUnitReportReporter -->
<testsuite skipped="0" hostname="DESKTOP-Q6H280O" name="com.tktres.booking.TestCaseBooking" tests="2" failures="0" timestamp="2024-05-07T15:09:04 EDT" time="15.300" errors="0">
  <testcase name="bookingTest" time="4.919" classname="com.tktres.booking.TestCaseBooking"/>
  <system-out/>
  <testcase name="confirmationTest" time="10.381" classname="com.tktres.booking.TestCaseBooking"/>
  <system-out/>
</testsuite> <!-- com.tktres.booking.TestCaseBooking -->
